<?xml version="1.0" encoding="UTF-8"?>
<robot generator="Robot 6.1.1 (Python 3.11.5 on win32)" generated="20230925 11:41:11.733" rpa="false" schemaversion="4">
<suite id="s1" name="Test" source="c:\Users\Lenovo\Desktop\CODE PROJECTS\LGTest\hello-world\generated\test.robot">
<test id="s1-t1" name="Test1" line="25">
<kw name="Open Browser" library="SeleniumLibrary">
<arg>https://demoqa.com/login</arg>
<arg>Edge</arg>
<doc>Opens a new browser instance to the optional ``url``.</doc>
<msg timestamp="20230925 11:41:11.973" level="INFO">Opening browser 'Edge' to base url 'https://demoqa.com/login'.</msg>
<status status="PASS" starttime="20230925 11:41:11.973" endtime="20230925 11:41:24.126"/>
</kw>
<kw name="Maximize Browser Window" library="SeleniumLibrary">
<doc>Maximizes current browser window.</doc>
<status status="PASS" starttime="20230925 11:41:24.127" endtime="20230925 11:41:24.242"/>
</kw>
<kw name="Input Text" library="SeleniumLibrary">
<arg>${u1}</arg>
<arg>${values}[0]</arg>
<doc>Types the given ``text`` into the text field identified by ``locator``.</doc>
<msg timestamp="20230925 11:41:24.243" level="INFO">Typing text 'v1' into text field 'xpath://*[@id="userName"]'.</msg>
<status status="PASS" starttime="20230925 11:41:24.242" endtime="20230925 11:41:24.325"/>
</kw>
<kw name="Click Element" library="SeleniumLibrary">
<arg>${login}</arg>
<doc>Click the element identified by ``locator``.</doc>
<msg timestamp="20230925 11:41:24.326" level="INFO">Clicking element 'xpath://*[@id="userName"]'.</msg>
<status status="PASS" starttime="20230925 11:41:24.325" endtime="20230925 11:41:24.395"/>
</kw>
<status status="PASS" starttime="20230925 11:41:11.971" endtime="20230925 11:41:24.395"/>
</test>
<status status="PASS" starttime="20230925 11:41:11.738" endtime="20230925 11:41:24.398"/>
</suite>
<statistics>
<total>
<stat pass="1" fail="0" skip="0">All Tests</stat>
</total>
<tag>
</tag>
<suite>
<stat pass="1" fail="0" skip="0" id="s1" name="Test">Test</stat>
</suite>
</statistics>
<errors>
</errors>
</robot>
