<?xml version="1.0" encoding="UTF-8"?>
<robot generator="Robot 6.1.1 (Python 3.11.5 on win32)" generated="20231018 15:50:22.783" rpa="false" schemaversion="4">
<suite id="s1" name="Test" source="c:\Users\Lenovo\Desktop\CODE PROJECTS\LGTest\hello-world\generated\test.robot">
<test id="s1-t1" name="Valid-login-1" line="16">
<kw name="Open Browser" library="SeleniumLibrary">
<arg>https://demoqa.com/login</arg>
<arg>Edge</arg>
<doc>Opens a new browser instance to the optional ``url``.</doc>
<msg timestamp="20231018 15:50:23.118" level="INFO">Opening browser 'Edge' to base url 'https://demoqa.com/login'.</msg>
<status status="PASS" starttime="20231018 15:50:23.117" endtime="20231018 15:50:37.035"/>
</kw>
<kw name="Input Text" library="SeleniumLibrary">
<arg>${password_loc}</arg>
<arg>${password-[password, username]}[0]</arg>
<doc>Types the given ``text`` into the text field identified by ``locator``.</doc>
<msg timestamp="20231018 15:50:37.038" level="INFO">Typing text 'DemoPass@@123' into text field 'xpath=//input[@placeholder='Password' and @type='password' and @id='password']'.</msg>
<status status="PASS" starttime="20231018 15:50:37.036" endtime="20231018 15:50:37.139"/>
</kw>
<kw name="Input Text" library="SeleniumLibrary">
<arg>${username_loc}</arg>
<arg>${username-[password, username]}[0]</arg>
<doc>Types the given ``text`` into the text field identified by ``locator``.</doc>
<msg timestamp="20231018 15:50:37.140" level="INFO">Typing text 'demouser' into text field 'xpath=//input[@placeholder='UserName' and @id='userName']'.</msg>
<status status="PASS" starttime="20231018 15:50:37.139" endtime="20231018 15:50:37.209"/>
</kw>
<kw name="Click Element" library="SeleniumLibrary">
<arg>${login_button}</arg>
<doc>Click the element identified by ``locator``.</doc>
<msg timestamp="20231018 15:50:37.210" level="INFO">Clicking element 'xpath=//button[@id='login' and @type='button' and normalize-space()='Login']'.</msg>
<status status="PASS" starttime="20231018 15:50:37.209" endtime="20231018 15:50:37.255"/>
</kw>
<kw name="Close Browser" library="SeleniumLibrary">
<doc>Closes the current browser.</doc>
<status status="PASS" starttime="20231018 15:50:37.256" endtime="20231018 15:50:39.404"/>
</kw>
<status status="PASS" starttime="20231018 15:50:23.116" endtime="20231018 15:50:39.405"/>
</test>
<test id="s1-t2" name="Valid-login-2" line="22">
<kw name="Open Browser" library="SeleniumLibrary">
<arg>https://demoqa.com/login</arg>
<arg>Edge</arg>
<doc>Opens a new browser instance to the optional ``url``.</doc>
<msg timestamp="20231018 15:50:39.407" level="INFO">Opening browser 'Edge' to base url 'https://demoqa.com/login'.</msg>
<status status="PASS" starttime="20231018 15:50:39.407" endtime="20231018 15:51:09.069"/>
</kw>
<kw name="Input Text" library="SeleniumLibrary">
<arg>${password_loc}</arg>
<arg>${password-[password, username]}[1]</arg>
<doc>Types the given ``text`` into the text field identified by ``locator``.</doc>
<msg timestamp="20231018 15:51:09.070" level="INFO">Typing text 'Userdemo@1' into text field 'xpath=//input[@placeholder='Password' and @type='password' and @id='password']'.</msg>
<status status="PASS" starttime="20231018 15:51:09.070" endtime="20231018 15:51:09.164"/>
</kw>
<kw name="Input Text" library="SeleniumLibrary">
<arg>${username_loc}</arg>
<arg>${username-[password, username]}[1]</arg>
<doc>Types the given ``text`` into the text field identified by ``locator``.</doc>
<msg timestamp="20231018 15:51:09.166" level="INFO">Typing text 'user1' into text field 'xpath=//input[@placeholder='UserName' and @id='userName']'.</msg>
<status status="PASS" starttime="20231018 15:51:09.164" endtime="20231018 15:51:09.237"/>
</kw>
<kw name="Click Element" library="SeleniumLibrary">
<arg>${login_button}</arg>
<doc>Click the element identified by ``locator``.</doc>
<msg timestamp="20231018 15:51:09.239" level="INFO">Clicking element 'xpath=//button[@id='login' and @type='button' and normalize-space()='Login']'.</msg>
<status status="PASS" starttime="20231018 15:51:09.238" endtime="20231018 15:51:09.309"/>
</kw>
<kw name="Close Browser" library="SeleniumLibrary">
<doc>Closes the current browser.</doc>
<status status="PASS" starttime="20231018 15:51:09.309" endtime="20231018 15:51:11.484"/>
</kw>
<status status="PASS" starttime="20231018 15:50:39.406" endtime="20231018 15:51:11.484"/>
</test>
<test id="s1-t3" name="Valid-login-3" line="28">
<kw name="Open Browser" library="SeleniumLibrary">
<arg>https://demoqa.com/login</arg>
<arg>Edge</arg>
<doc>Opens a new browser instance to the optional ``url``.</doc>
<msg timestamp="20231018 15:51:11.487" level="INFO">Opening browser 'Edge' to base url 'https://demoqa.com/login'.</msg>
<status status="PASS" starttime="20231018 15:51:11.487" endtime="20231018 15:51:18.700"/>
</kw>
<kw name="Input Text" library="SeleniumLibrary">
<arg>${password_loc}</arg>
<arg>${password-[password, username]}[2]</arg>
<doc>Types the given ``text`` into the text field identified by ``locator``.</doc>
<msg timestamp="20231018 15:51:18.701" level="INFO">Typing text 'Userdemo@2' into text field 'xpath=//input[@placeholder='Password' and @type='password' and @id='password']'.</msg>
<status status="PASS" starttime="20231018 15:51:18.701" endtime="20231018 15:51:18.786"/>
</kw>
<kw name="Input Text" library="SeleniumLibrary">
<arg>${username_loc}</arg>
<arg>${username-[password, username]}[2]</arg>
<doc>Types the given ``text`` into the text field identified by ``locator``.</doc>
<msg timestamp="20231018 15:51:18.788" level="INFO">Typing text 'user2' into text field 'xpath=//input[@placeholder='UserName' and @id='userName']'.</msg>
<status status="PASS" starttime="20231018 15:51:18.788" endtime="20231018 15:51:18.851"/>
</kw>
<kw name="Click Element" library="SeleniumLibrary">
<arg>${login_button}</arg>
<doc>Click the element identified by ``locator``.</doc>
<msg timestamp="20231018 15:51:18.853" level="INFO">Clicking element 'xpath=//button[@id='login' and @type='button' and normalize-space()='Login']'.</msg>
<status status="PASS" starttime="20231018 15:51:18.852" endtime="20231018 15:51:18.936"/>
</kw>
<kw name="Close Browser" library="SeleniumLibrary">
<doc>Closes the current browser.</doc>
<status status="PASS" starttime="20231018 15:51:18.936" endtime="20231018 15:51:21.119"/>
</kw>
<status status="PASS" starttime="20231018 15:51:11.485" endtime="20231018 15:51:21.119"/>
</test>
<status status="PASS" starttime="20231018 15:50:22.788" endtime="20231018 15:51:21.120"/>
</suite>
<statistics>
<total>
<stat pass="3" fail="0" skip="0">All Tests</stat>
</total>
<tag>
</tag>
<suite>
<stat pass="3" fail="0" skip="0" id="s1" name="Test">Test</stat>
</suite>
</statistics>
<errors>
</errors>
</robot>
